


ARM Macro Assembler    Page 1 


    1 00000000                 area             test, code, readonly
    2 00000000         entry
    3 00000000         
    4 00000000 E59F1014        ldr              r1, val1
    5 00000004 E59F2014        ldr              r2, val2
    6 00000008         
    7 00000008 E0813002        add              r3, r1, r2
    8 0000000C E0524001        subs             r4, r2, r1
    9 00000010 E0050291        mul              r5, r1, r2
   10 00000014 E0876291        umull            r6, r7, r1, r2
   11 00000018         
   12 00000018 EAFFFFFE 
                       stop    b                stop
   13 0000001C 001A2B3C 
                       val1    dcd              0x1a2b3c
   14 00000020 0000000B 
                       val2    dcd              11
   15 00000024         
   16 00000024                 END
Command Line: --debug --xref --apcs=interwork -oexp1.o -IC:\Keil\ARM\INC -IC:\K
eil\ARM\INC\Philips --predefine="__EVAL SETA 1" --list=exp1.lst exp1.s



ARM Macro Assembler    Page 1 Alphabetic symbol ordering
Relocatable symbols

entry 00000000

Symbol: entry
   Definitions
      At line 2 in file exp1.s
   Uses
      None
Comment: entry unused
stop 00000018

Symbol: stop
   Definitions
      At line 12 in file exp1.s
   Uses
      At line 12 in file exp1.s
Comment: stop used once
test 00000000

Symbol: test
   Definitions
      At line 1 in file exp1.s
   Uses
      None
Comment: test unused
val1 0000001C

Symbol: val1
   Definitions
      At line 13 in file exp1.s
   Uses
      At line 4 in file exp1.s
Comment: val1 used once
val2 00000020

Symbol: val2
   Definitions
      At line 14 in file exp1.s
   Uses
      At line 5 in file exp1.s
Comment: val2 used once
5 symbols
325 symbols in table
